<?xml version="1.0" encoding="UTF-8"?>
<!-- Generated by org.testng.reporters.JUnitReportReporter -->
<testsuite hostname="LAPTOP-CJ23D15G" name="IBM_May.RestAssured1.day1" tests="1" failures="0" timestamp="12 May 2022 04:51:23 GMT" time="0.604" errors="0">
  <testcase name="testcase5" time="0.604" classname="IBM_May.RestAssured1.day1"/>
</testsuite> <!-- IBM_May.RestAssured1.day1 -->
